{
  "RSpec": {
    "coverage": {
      "/home/alexandre/Documents/treinadev-03/hunter_jobs/app/models/user.rb": {
        "lines": [
          1,
          null,
          null,
          1,
          null,
          null,
          1,
          1,
          1,
          null,
          null,
          null,
          null,
          null,
          null
        ]
      },
      "/home/alexandre/Documents/treinadev-03/hunter_jobs/app/models/application_record.rb": {
        "lines": [
          1,
          1,
          null
        ]
      },
      "/home/alexandre/Documents/treinadev-03/hunter_jobs/app/helpers/application_helper.rb": {
        "lines": [
          1,
          null
        ]
      },
      "/home/alexandre/Documents/treinadev-03/hunter_jobs/app/models/apply_job.rb": {
        "lines": [
          1,
          1,
          1,
          null,
          1,
          null,
          1,
          null,
          null
        ]
      },
      "/home/alexandre/Documents/treinadev-03/hunter_jobs/app/models/job.rb": {
        "lines": [
          1,
          1,
          1,
          1,
          1,
          null,
          1,
          null,
          1,
          null,
          6,
          null,
          null,
          1,
          null,
          1,
          43,
          4,
          null,
          null,
          null
        ]
      },
      "/home/alexandre/Documents/treinadev-03/hunter_jobs/app/models/profile.rb": {
        "lines": [
          1,
          1,
          1,
          1,
          1,
          null,
          1,
          1,
          null
        ]
      },
      "/home/alexandre/Documents/treinadev-03/hunter_jobs/app/models/level_job.rb": {
        "lines": [
          1,
          1,
          1,
          1,
          null
        ]
      },
      "/home/alexandre/Documents/treinadev-03/hunter_jobs/app/controllers/application_controller.rb": {
        "lines": [
          1,
          1,
          null
        ]
      },
      "/home/alexandre/Documents/treinadev-03/hunter_jobs/app/controllers/home_controller.rb": {
        "lines": [
          1,
          1,
          35,
          24,
          17,
          17,
          null,
          0,
          0,
          null,
          null,
          7,
          7,
          7,
          null,
          null,
          null,
          null,
          null
        ]
      },
      "/home/alexandre/Documents/treinadev-03/hunter_jobs/app/controllers/jobs_controller.rb": {
        "lines": [
          1,
          null,
          1,
          28,
          17,
          17,
          null,
          0,
          0,
          null,
          17,
          17,
          17,
          4,
          4,
          null,
          null,
          null,
          11,
          11,
          4,
          4,
          null,
          null,
          null,
          null,
          1,
          1,
          1,
          1,
          1,
          null,
          null,
          1,
          5,
          5,
          5,
          2,
          2,
          null,
          5,
          null,
          null,
          1,
          7,
          7,
          null,
          null,
          1,
          7,
          7,
          7,
          1,
          null,
          6,
          6,
          null,
          null,
          null,
          1,
          12,
          12,
          5,
          null,
          null,
          null,
          1,
          2,
          2,
          null,
          null,
          1,
          null,
          1,
          7,
          null,
          null,
          null
        ]
      },
      "/home/alexandre/Documents/treinadev-03/hunter_jobs/app/controllers/apply_jobs_controller.rb": {
        "lines": [
          1,
          null,
          1,
          3,
          3,
          3,
          1,
          1,
          1,
          1,
          null,
          null,
          2,
          null,
          null,
          null,
          1,
          2,
          2,
          2,
          2,
          2,
          2,
          1,
          1,
          null,
          1,
          null,
          null,
          null,
          1,
          0,
          0,
          0,
          0,
          null,
          0,
          null,
          null,
          null,
          1,
          0,
          0,
          null,
          null,
          null
        ]
      },
      "/home/alexandre/Documents/treinadev-03/hunter_jobs/app/controllers/profiles_controller.rb": {
        "lines": [
          1,
          1,
          null,
          null,
          1,
          2,
          null,
          null,
          1,
          11,
          0,
          0,
          null,
          0,
          0,
          null,
          null,
          11,
          11,
          null,
          null,
          null,
          1,
          3,
          3,
          3,
          1,
          1,
          null,
          2,
          null,
          null,
          null,
          1,
          0,
          null,
          null,
          1,
          0,
          0,
          0,
          0,
          null,
          0,
          null,
          null,
          null,
          1,
          null,
          1,
          3,
          null,
          null,
          null
        ]
      },
      "/home/alexandre/Documents/treinadev-03/hunter_jobs/app/jobs/application_job.rb": {
        "lines": [
          0,
          0
        ],
        "branches": {
        }
      },
      "/home/alexandre/Documents/treinadev-03/hunter_jobs/app/mailers/application_mailer.rb": {
        "lines": [
          0,
          0,
          0,
          0
        ],
        "branches": {
        }
      },
      "/home/alexandre/Documents/treinadev-03/hunter_jobs/app/channels/application_cable/channel.rb": {
        "lines": [
          0,
          0,
          0,
          0
        ],
        "branches": {
        }
      },
      "/home/alexandre/Documents/treinadev-03/hunter_jobs/app/channels/application_cable/connection.rb": {
        "lines": [
          0,
          0,
          0,
          0
        ],
        "branches": {
        }
      }
    },
    "timestamp": 1589859554
  }
}
